0 verbose cli /usr/local/bin/node /usr/local/bin/npm
1 info using npm@8.19.4
2 info using node@v16.20.2
3 timing npm:load:whichnode Completed in 0ms
4 timing config:load:defaults Completed in 0ms
5 timing config:load:file:/usr/local/lib/node_modules/npm/npmrc Completed in 1ms
6 timing config:load:builtin Completed in 1ms
7 timing config:load:cli Completed in 0ms
8 timing config:load:env Completed in 1ms
9 timing config:load:file:/data/.npmrc Completed in 1ms
10 timing config:load:project Completed in 1ms
11 timing config:load:file:/usr/src/node-red/.npmrc Completed in 2ms
12 timing config:load:user Completed in 2ms
13 timing config:load:file:/usr/local/etc/npmrc Completed in 1ms
14 timing config:load:global Completed in 1ms
15 timing config:load:validate Completed in 0ms
16 timing config:load:credentials Completed in 1ms
17 timing config:load:setEnvs Completed in 0ms
18 timing config:load Completed in 7ms
19 timing npm:load:configload Completed in 7ms
20 timing npm:load:mkdirpcache Completed in 1ms
21 timing npm:load:mkdirplogs Completed in 0ms
22 verbose title npm install node-red-dashboard@3 node-red-node-ui-table
23 verbose argv "install" "node-red-dashboard@3" "node-red-node-ui-table"
24 timing npm:load:setTitle Completed in 1ms
25 timing config:load:flatten Completed in 1ms
26 timing npm:load:display Completed in 1ms
27 verbose logfile logs-max:10 dir:/data/.npm/_logs
28 verbose logfile /data/.npm/_logs/2025-10-11T18_33_43_178Z-debug-0.log
29 timing npm:load:logFile Completed in 4ms
30 timing npm:load:timers Completed in 0ms
31 timing npm:load:configScope Completed in 0ms
32 timing npm:load Completed in 15ms
33 timing arborist:ctor Completed in 0ms
34 silly logfile done cleaning log files
35 timing idealTree:init Completed in 24ms
36 timing idealTree:userRequests Completed in 1ms
37 silly idealTree buildDeps
38 silly fetch manifest node-red-dashboard@3
39 timing arborist:ctor Completed in 0ms
40 http fetch GET 200 https://registry.npmjs.org/node-red-dashboard 25ms (cache hit)
41 silly fetch manifest node-red-node-ui-table@^0.4.5
42 http fetch GET 200 https://registry.npmjs.org/node-red-node-ui-table 3ms (cache hit)
43 silly placeDep ROOT node-red-dashboard@3.6.6 REPLACE for: node-red-project@0.0.1 want: 3
44 silly placeDep ROOT node-red-node-ui-table@0.4.5 REPLACE for: node-red-project@0.0.1 want: ^0.4.5
45 timing idealTree:#root Completed in 36ms
46 timing idealTree:node_modules/node-red-dashboard Completed in 0ms
47 timing idealTree:node_modules/node-red-node-ui-table Completed in 0ms
48 timing idealTree:buildDeps Completed in 36ms
49 timing idealTree:fixDepFlags Completed in 0ms
50 timing idealTree Completed in 62ms
51 timing reify:loadTrees Completed in 62ms
52 timing reify:diffTrees Completed in 2ms
53 silly reify moves {}
54 timing reify:retireShallow Completed in 1ms
55 timing reify:createSparse Completed in 0ms
56 timing reify:loadBundles Completed in 0ms
57 silly audit bulk request {
57 silly audit   '@socket.io/component-emitter': [ '3.1.2' ],
57 silly audit   '@types/cors': [ '2.8.19' ],
57 silly audit   '@types/node': [ '24.7.2' ],
57 silly audit   accepts: [ '1.3.8' ],
57 silly audit   negotiator: [ '0.6.3', '0.6.4' ],
57 silly audit   base64id: [ '2.0.0' ],
57 silly audit   bytes: [ '3.1.2' ],
57 silly audit   compressible: [ '2.0.18' ],
57 silly audit   compression: [ '1.8.1' ],
57 silly audit   cookie: [ '0.7.2' ],
57 silly audit   cors: [ '2.8.5' ],
57 silly audit   debug: [ '2.6.9', '4.3.7' ],
57 silly audit   depd: [ '2.0.0' ],
57 silly audit   destroy: [ '1.2.0' ],
57 silly audit   'ee-first': [ '1.1.1' ],
57 silly audit   encodeurl: [ '2.0.0', '1.0.2' ],
57 silly audit   'engine.io': [ '6.6.4' ],
57 silly audit   'engine.io-parser': [ '5.2.3' ],
57 silly audit   ms: [ '2.1.3', '2.0.0' ],
57 silly audit   'escape-html': [ '1.0.3' ],
57 silly audit   etag: [ '1.8.1' ],
57 silly audit   fresh: [ '0.5.2' ],
57 silly audit   gridstack: [ '0.6.4' ],
57 silly audit   'http-errors': [ '2.0.0' ],
57 silly audit   inherits: [ '2.0.4' ],
57 silly audit   jquery: [ '3.7.1' ],
57 silly audit   mime: [ '1.6.0' ],
57 silly audit   'mime-db': [ '1.54.0', '1.52.0' ],
57 silly audit   'mime-types': [ '2.1.35' ],
57 silly audit   'object-assign': [ '4.1.1' ],
57 silly audit   'on-finished': [ '2.4.1' ],
57 silly audit   'on-headers': [ '1.1.0' ],
57 silly audit   parseurl: [ '1.3.3' ],
57 silly audit   'range-parser': [ '1.2.1' ],
57 silly audit   'safe-buffer': [ '5.2.1' ],
57 silly audit   send: [ '0.19.0' ],
57 silly audit   'serve-static': [ '1.16.2' ],
57 silly audit   setprototypeof: [ '1.2.0' ],
57 silly audit   'socket.io': [ '4.8.1' ],
57 silly audit   'socket.io-adapter': [ '2.5.5' ],
57 silly audit   'socket.io-parser': [ '4.2.4' ],
57 silly audit   statuses: [ '2.0.1' ],
57 silly audit   toidentifier: [ '1.0.1' ],
57 silly audit   'undici-types': [ '7.14.0' ],
57 silly audit   vary: [ '1.1.2' ],
57 silly audit   ws: [ '8.17.1' ],
57 silly audit   'node-red-dashboard': [ '3.6.6' ],
57 silly audit   'node-red-node-ui-table': [ '0.4.5' ]
57 silly audit }
58 timing reify:unpack Completed in 1ms
59 timing reify:unretire Completed in 0ms
60 timing build:queue Completed in 0ms
61 timing build:deps Completed in 0ms
62 timing build Completed in 0ms
63 timing reify:build Completed in 1ms
64 timing reify:trash Completed in 0ms
65 timing reify:save Completed in 9ms
66 http fetch POST 200 https://registry.npmjs.org/-/npm/v1/security/advisories/bulk 413ms
67 timing auditReport:getReport Completed in 415ms
68 silly audit report {}
69 timing auditReport:init Completed in 0ms
70 timing reify:audit Completed in 417ms
71 timing reify Completed in 484ms
72 timing command:install Completed in 493ms
73 verbose exit 0
74 timing npm Completed in 535ms
75 info ok
