0 verbose cli /usr/local/bin/node /usr/local/bin/npm
1 info using npm@8.19.4
2 info using node@v16.20.2
3 timing npm:load:whichnode Completed in 0ms
4 timing config:load:defaults Completed in 1ms
5 timing config:load:file:/usr/local/lib/node_modules/npm/npmrc Completed in 0ms
6 timing config:load:builtin Completed in 0ms
7 timing config:load:cli Completed in 1ms
8 timing config:load:env Completed in 0ms
9 timing config:load:file:/data/.npmrc Completed in 0ms
10 timing config:load:project Completed in 2ms
11 timing config:load:file:/usr/src/node-red/.npmrc Completed in 0ms
12 timing config:load:user Completed in 0ms
13 timing config:load:file:/usr/local/etc/npmrc Completed in 2ms
14 timing config:load:global Completed in 2ms
15 timing config:load:validate Completed in 0ms
16 timing config:load:credentials Completed in 0ms
17 timing config:load:setEnvs Completed in 1ms
18 timing config:load Completed in 7ms
19 timing npm:load:configload Completed in 7ms
20 timing npm:load:mkdirpcache Completed in 0ms
21 timing npm:load:mkdirplogs Completed in 1ms
22 verbose title npm remove @flowfuse/node-red-dashboard
23 verbose argv "remove" "@flowfuse/node-red-dashboard"
24 timing npm:load:setTitle Completed in 0ms
25 timing config:load:flatten Completed in 1ms
26 timing npm:load:display Completed in 1ms
27 verbose logfile logs-max:10 dir:/data/.npm/_logs
28 verbose logfile /data/.npm/_logs/2025-10-11T18_33_42_627Z-debug-0.log
29 timing npm:load:logFile Completed in 4ms
30 timing npm:load:timers Completed in 0ms
31 timing npm:load:configScope Completed in 0ms
32 timing npm:load Completed in 13ms
33 timing arborist:ctor Completed in 0ms
34 silly logfile done cleaning log files
35 timing idealTree:init Completed in 23ms
36 timing idealTree:userRequests Completed in 0ms
37 silly idealTree buildDeps
38 timing idealTree:#root Completed in 0ms
39 timing idealTree:buildDeps Completed in 1ms
40 timing idealTree:fixDepFlags Completed in 0ms
41 timing idealTree Completed in 26ms
42 timing arborist:ctor Completed in 0ms
43 timing reify:loadTrees Completed in 42ms
44 timing reify:diffTrees Completed in 2ms
45 silly reify moves {}
46 timing reify:retireShallow Completed in 0ms
47 timing reify:createSparse Completed in 0ms
48 timing reify:loadBundles Completed in 0ms
49 silly audit bulk request {
49 silly audit   '@socket.io/component-emitter': [ '3.1.2' ],
49 silly audit   '@types/cors': [ '2.8.19' ],
49 silly audit   '@types/node': [ '24.7.2' ],
49 silly audit   accepts: [ '1.3.8' ],
49 silly audit   negotiator: [ '0.6.3', '0.6.4' ],
49 silly audit   base64id: [ '2.0.0' ],
49 silly audit   bytes: [ '3.1.2' ],
49 silly audit   compressible: [ '2.0.18' ],
49 silly audit   compression: [ '1.8.1' ],
49 silly audit   cookie: [ '0.7.2' ],
49 silly audit   cors: [ '2.8.5' ],
49 silly audit   debug: [ '2.6.9', '4.3.7' ],
49 silly audit   depd: [ '2.0.0' ],
49 silly audit   destroy: [ '1.2.0' ],
49 silly audit   'ee-first': [ '1.1.1' ],
49 silly audit   encodeurl: [ '2.0.0', '1.0.2' ],
49 silly audit   'engine.io': [ '6.6.4' ],
49 silly audit   'engine.io-parser': [ '5.2.3' ],
49 silly audit   ms: [ '2.1.3', '2.0.0' ],
49 silly audit   'escape-html': [ '1.0.3' ],
49 silly audit   etag: [ '1.8.1' ],
49 silly audit   fresh: [ '0.5.2' ],
49 silly audit   gridstack: [ '0.6.4' ],
49 silly audit   'http-errors': [ '2.0.0' ],
49 silly audit   inherits: [ '2.0.4' ],
49 silly audit   jquery: [ '3.7.1' ],
49 silly audit   mime: [ '1.6.0' ],
49 silly audit   'mime-db': [ '1.54.0', '1.52.0' ],
49 silly audit   'mime-types': [ '2.1.35' ],
49 silly audit   'node-red-dashboard': [ '3.6.6' ],
49 silly audit   'node-red-node-ui-table': [ '0.4.5' ],
49 silly audit   'object-assign': [ '4.1.1' ],
49 silly audit   'on-finished': [ '2.4.1' ],
49 silly audit   'on-headers': [ '1.1.0' ],
49 silly audit   parseurl: [ '1.3.3' ],
49 silly audit   'range-parser': [ '1.2.1' ],
49 silly audit   'safe-buffer': [ '5.2.1' ],
49 silly audit   send: [ '0.19.0' ],
49 silly audit   'serve-static': [ '1.16.2' ],
49 silly audit   setprototypeof: [ '1.2.0' ],
49 silly audit   'socket.io': [ '4.8.1' ],
49 silly audit   'socket.io-adapter': [ '2.5.5' ],
49 silly audit   'socket.io-parser': [ '4.2.4' ],
49 silly audit   statuses: [ '2.0.1' ],
49 silly audit   toidentifier: [ '1.0.1' ],
49 silly audit   'undici-types': [ '7.14.0' ],
49 silly audit   vary: [ '1.1.2' ],
49 silly audit   ws: [ '8.17.1' ]
49 silly audit }
50 timing reify:unpack Completed in 1ms
51 timing reify:unretire Completed in 0ms
52 timing build:queue Completed in 0ms
53 timing build:deps Completed in 0ms
54 timing build Completed in 0ms
55 timing reify:build Completed in 0ms
56 timing reify:trash Completed in 0ms
57 timing reify:save Completed in 6ms
58 http fetch POST 200 https://registry.npmjs.org/-/npm/v1/security/advisories/bulk 322ms
59 timing auditReport:getReport Completed in 324ms
60 silly audit report {}
61 timing auditReport:init Completed in 0ms
62 timing reify:audit Completed in 325ms
63 timing reify Completed in 371ms
64 timing command:remove Completed in 379ms
65 verbose exit 0
66 timing npm Completed in 420ms
67 info ok
